<?xml version="1.0" encoding="UTF-8"?>
<!-- Generated by org.testng.reporters.JUnitXMLReporter -->
<testsuite ignored="0" hostname="DESKTOP-PO1BMEK" failures="0" tests="3" name="Default test" time="54.763" errors="0" timestamp="2024-07-24T00:46:03 IST">
  <testcase classname="com.example.SeleniumDesign.SubmitOrderTest3" name="SubmitOrder" time="8.601"/>
  <testcase classname="com.example.SeleniumDesign.SubmitOrderTest3" name="SubmitOrder" time="8.431"/>
  <testcase classname="com.example.SeleniumDesign.SubmitOrderTest3" name="OrderHistoryTest" time="1.508"/>
</testsuite> <!-- Default test -->
