<?xml version="1.0" encoding="UTF-8"?>
<!-- Generated by org.testng.reporters.JUnitXMLReporter -->
<testsuite ignored="0" hostname="DESKTOP-PO1BMEK" failures="1" tests="3" name="ErrorValidation" time="28.082" errors="0" timestamp="2024-08-05T16:39:49 IST">
  <testcase classname="com.example.SeleniumDesign.ErrorValidation" name="ProductErrorValidation" time="5.185"/>
  <testcase classname="com.example.SeleniumDesign.ErrorValidation" name="SubmitOrder" time="2.259">
    <skipped/>
  </testcase> <!-- SubmitOrder -->
  <testcase classname="com.example.SeleniumDesign.ErrorValidation" name="SubmitOrder" time="1.771">
    <failure type="java.lang.AssertionError" message="expected [Incorrect email or password.] but found [Incorrect email  password.]">
      <![CDATA[java.lang.AssertionError: expected [Incorrect email or password.] but found [Incorrect email  password.]
at com.example.SeleniumDesign.ErrorValidation.SubmitOrder(ErrorValidation.java:25)
at java.base/java.util.ArrayList.forEach(ArrayList.java:1511)
... Removed 33 stack frames]]>
    </failure>
  </testcase> <!-- SubmitOrder -->
</testsuite> <!-- ErrorValidation -->
