<?xml version="1.0" encoding="UTF-8"?>
<!-- Generated by org.testng.reporters.JUnitXMLReporter -->
<testsuite ignored="0" hostname="DESKTOP-PO1BMEK" failures="0" tests="3" name="SubmitOrderTest3" time="40.769" errors="0" timestamp="2024-08-05T16:39:21 IST">
  <testcase classname="com.example.SeleniumDesign.SubmitOrderTest3" name="SubmitOrder" time="8.037"/>
  <testcase classname="com.example.SeleniumDesign.SubmitOrderTest3" name="SubmitOrder" time="8.983"/>
  <testcase classname="com.example.SeleniumDesign.SubmitOrderTest3" name="OrderHistoryTest" time="1.485"/>
</testsuite> <!-- SubmitOrderTest3 -->
