<?xml version="1.0" encoding="UTF-8"?>
<!-- Generated by org.testng.reporters.JUnitXMLReporter -->
<testsuite ignored="0" hostname="DESKTOP-PO1BMEK" failures="0" tests="3" name="SubmitOrderTest" time="58.748" errors="0" timestamp="2024-07-26T15:14:35 IST">
  <testcase classname="com.example.SeleniumDesign.SubmitOrderTest3" name="SubmitOrder" time="11.807"/>
  <testcase classname="com.example.SeleniumDesign.SubmitOrderTest3" name="SubmitOrder" time="9.047"/>
  <testcase classname="com.example.SeleniumDesign.SubmitOrderTest3" name="OrderHistoryTest" time="1.557"/>
</testsuite> <!-- SubmitOrderTest -->
