<?xml version="1.0" encoding="UTF-8"?>
<!-- Generated by org.testng.reporters.JUnitXMLReporter -->
<testsuite ignored="1" hostname="DESKTOP-PO1BMEK" failures="0" tests="2" name="SubmitOrderTest2" time="46.095" errors="0" timestamp="2024-07-18T23:55:24 IST">
  <testcase classname="com.example.SeleniumDesign.SubmitOrderTest2" name="SubmitOrder" time="8.745"/>
  <testcase classname="com.example.SeleniumDesign.SubmitOrderTest2" name="SubmitOrder" time="8.963"/>
  <testcase classname="com.example.SeleniumDesign.SubmitOrderTest2" name="OrderHistoryTest" time="0.0">
    <ignored/>
  </testcase> <!-- OrderHistoryTest -->
</testsuite> <!-- SubmitOrderTest2 -->
